<?xml version="1.0" encoding="UTF-8"?>
<!-- Generated by org.testng.reporters.JUnitXMLReporter -->
<testsuite hostname="LAPTOP-JHCO5B84" ignored="2" name="Default test" tests="2" failures="0" timestamp="2020-08-17T22:29:57 IST" time="27.806" errors="0">
  <testcase name="sendBugReport" time="6.268" classname="regressionScripts.Regression"/>
  <testcase name="validLoginLogout" time="4.369" classname="regressionScripts.Regression"/>
  <testcase name="InvalidLogin" time="0.0" classname="regressionScripts.Regression">
    <ignored/>
  </testcase> <!-- InvalidLogin -->
  <testcase name="verifyActitimeversion" time="0.0" classname="regressionScripts.Regression">
    <ignored/>
  </testcase> <!-- verifyActitimeversion -->
</testsuite> <!-- Default test -->
