<?xml version="1.0" encoding="UTF-8"?>
<testng-results skipped="0" failed="0" ignored="2" total="4" passed="2">
  <reporter-output>
  </reporter-output>
  <suite name="Default suite" duration-ms="27806" started-at="2020-08-17T22:29:30 IST" finished-at="2020-08-17T22:29:57 IST">
    <groups>
    </groups>
    <test name="Default test" duration-ms="27806" started-at="2020-08-17T22:29:30 IST" finished-at="2020-08-17T22:29:57 IST">
      <class name="regressionScripts.Regression">
        <test-method status="PASS" signature="setUp()[pri:0, instance:regressionScripts.Regression@612fc6eb]" name="setUp" is-config="true" duration-ms="209" started-at="2020-08-17T22:29:29 IST" finished-at="2020-08-17T22:29:30 IST">
          <reporter-output>
          </reporter-output>
        </test-method> <!-- setUp -->
        <test-method status="PASS" signature="openApplication(java.lang.String)[pri:0, instance:regressionScripts.Regression@612fc6eb]" name="openApplication" is-config="true" duration-ms="8648" started-at="2020-08-17T22:29:30 IST" finished-at="2020-08-17T22:29:38 IST">
          <params>
            <param index="0">
              <value>
                <![CDATA[chrome]]>
              </value>
            </param>
          </params>
          <reporter-output>
          </reporter-output>
        </test-method> <!-- openApplication -->
        <test-method status="PASS" signature="sendBugReport()[pri:0, instance:regressionScripts.Regression@612fc6eb]" name="sendBugReport" duration-ms="6268" started-at="2020-08-17T22:29:38 IST" finished-at="2020-08-17T22:29:44 IST">
          <reporter-output>
          </reporter-output>
        </test-method> <!-- sendBugReport -->
        <test-method status="PASS" signature="closeAppn(org.testng.ITestResult)[pri:0, instance:regressionScripts.Regression@612fc6eb]" name="closeAppn" is-config="true" duration-ms="864" started-at="2020-08-17T22:29:44 IST" finished-at="2020-08-17T22:29:45 IST">
          <params>
            <param index="0">
              <value>
                <![CDATA[[TestResult name=sendBugReport status=SUCCESS method=Regression.sendBugReport()[pri:0, instance:regressionScripts.Regression@612fc6eb] output={null}]]]>
              </value>
            </param>
          </params>
          <reporter-output>
          </reporter-output>
        </test-method> <!-- closeAppn -->
        <test-method status="PASS" signature="openApplication(java.lang.String)[pri:0, instance:regressionScripts.Regression@612fc6eb]" name="openApplication" is-config="true" duration-ms="6498" started-at="2020-08-17T22:29:45 IST" finished-at="2020-08-17T22:29:52 IST">
          <params>
            <param index="0">
              <value>
                <![CDATA[chrome]]>
              </value>
            </param>
          </params>
          <reporter-output>
          </reporter-output>
        </test-method> <!-- openApplication -->
        <test-method status="PASS" signature="validLoginLogout()[pri:0, instance:regressionScripts.Regression@612fc6eb]" name="validLoginLogout" duration-ms="4369" started-at="2020-08-17T22:29:52 IST" finished-at="2020-08-17T22:29:56 IST">
          <reporter-output>
          </reporter-output>
        </test-method> <!-- validLoginLogout -->
        <test-method status="PASS" signature="closeAppn(org.testng.ITestResult)[pri:0, instance:regressionScripts.Regression@612fc6eb]" name="closeAppn" is-config="true" duration-ms="1124" started-at="2020-08-17T22:29:56 IST" finished-at="2020-08-17T22:29:57 IST">
          <params>
            <param index="0">
              <value>
                <![CDATA[[TestResult name=validLoginLogout status=SUCCESS method=Regression.validLoginLogout()[pri:0, instance:regressionScripts.Regression@612fc6eb] output={null}]]]>
              </value>
            </param>
          </params>
          <reporter-output>
          </reporter-output>
        </test-method> <!-- closeAppn -->
        <test-method status="PASS" signature="tearDown()[pri:0, instance:regressionScripts.Regression@612fc6eb]" name="tearDown" is-config="true" duration-ms="284" started-at="2020-08-17T22:29:57 IST" finished-at="2020-08-17T22:29:58 IST">
          <reporter-output>
          </reporter-output>
        </test-method> <!-- tearDown -->
      </class> <!-- regressionScripts.Regression -->
    </test> <!-- Default test -->
  </suite> <!-- Default suite -->
</testng-results>
